0 info it worked if it ends with ok
1 verbose cli [ '/var/lib/openshift/51f737b55973ca80490008a1/app-root/data//bin/node-openshift-v8',
1 verbose cli   '/var/lib/stickshift/51f737b55973ca80490008a1/app-root/data/lib/node_modules/npm/bin/npm-cli.js',
1 verbose cli   'install',
1 verbose cli   'dgram' ]
2 info using npm@1.1.62
3 info using node@v0.8.9
4 verbose node symlink /var/lib/openshift/51f737b55973ca80490008a1/app-root/data//bin/node-openshift-v8
5 verbose read json /var/lib/stickshift/51f737b55973ca80490008a1/app-root/data/572684/testexp/package.json
6 warn package.json application-name@0.0.1 No README.md file found!
7 verbose read json /var/lib/stickshift/51f737b55973ca80490008a1/app-root/data/572684/testexp/node_modules/ejs/package.json
8 verbose read json /var/lib/stickshift/51f737b55973ca80490008a1/app-root/data/572684/testexp/node_modules/express/package.json
9 verbose read json /var/lib/stickshift/51f737b55973ca80490008a1/app-root/data/572684/testexp/node_modules/socket.io/package.json
10 verbose from cache /var/lib/stickshift/51f737b55973ca80490008a1/app-root/data/572684/testexp/package.json
11 verbose readDependencies using package.json deps
12 verbose cache add [ 'dgram', null ]
13 silly cache add name=undefined spec="dgram" args=["dgram",null]
14 verbose parsed url { pathname: 'dgram', path: 'dgram', href: 'dgram' }
15 silly lockFile 2ef82937-dgram dgram
16 verbose lock dgram /var/lib/openshift/51f737b55973ca80490008a1/app-root/data/.npm/2ef82937-dgram.lock
17 silly lockFile 2ef82937-dgram dgram
18 verbose addNamed [ 'dgram', '' ]
19 verbose addNamed [ null, '' ]
20 silly lockFile bd8d1382-dgram dgram@
21 verbose lock dgram@ /var/lib/openshift/51f737b55973ca80490008a1/app-root/data/.npm/bd8d1382-dgram.lock
22 silly addNameRange { name: 'dgram', range: '', hasData: false }
23 verbose url raw dgram
24 verbose url resolving [ 'https://registry.npmjs.org/', './dgram' ]
25 verbose url resolved https://registry.npmjs.org/dgram
26 info trying registry request attempt 1 at 01:35:20
27 http GET https://registry.npmjs.org/dgram
28 http 404 https://registry.npmjs.org/dgram
29 silly registry.get cb [ 404,
29 silly registry.get   { server: 'CouchDB/1.3.0 (Erlang OTP/R15B03)',
29 silly registry.get     date: 'Thu, 01 Aug 2013 05:35:20 GMT',
29 silly registry.get     'content-type': 'application/json',
29 silly registry.get     'content-length': '52',
29 silly registry.get     'cache-control': 'must-revalidate' } ]
30 silly lockFile bd8d1382-dgram dgram@
31 error 404 'dgram' is not in the npm registry.
31 error 404 You should bug the author to publish it
31 error 404
31 error 404 Note that you can also install from a
31 error 404 tarball, folder, or http url, or git url.
32 error System Linux 2.6.32-358.14.1.el6.x86_64
33 error command "/var/lib/openshift/51f737b55973ca80490008a1/app-root/data//bin/node-openshift-v8" "/var/lib/stickshift/51f737b55973ca80490008a1/app-root/data/lib/node_modules/npm/bin/npm-cli.js" "install" "dgram"
34 error cwd /var/lib/stickshift/51f737b55973ca80490008a1/app-root/data/572684/testexp
35 error node -v v0.8.9
36 error npm -v 1.1.62
37 error code E404
38 verbose exit [ 1, true ]
